Building DAG of jobs...
Using shell: /bin/bash
Provided cores: 1
Rules claiming more threads will be scaled down.
Job counts:
	count	jobs
	1	all
	1	filter_genotypes
	1	gwas_kinship
	1	impute_genotypes
	1	ped2vcf
	1	plink_recodeA
	1	vcf2ped
	7

[Fri Nov  1 20:49:20 2019]
rule filter_genotypes:
    input: data/rice.ped, data/rice.map
    output: steps/rice_filtered.map, steps/rice_filtered.ped
    jobid: 6

Shutting down, this might take some time.
Exiting because a job execution failed. Look above for error message
Complete log: /home/filippo/Dropbox/cursos/berlin2019/gwas_berlin_2019/7.pipeline/.snakemake/log/2019-11-01T204920.928711.snakemake.log
