Building DAG of jobs...
Using shell: /bin/bash
Provided cores: 1
Rules claiming more threads will be scaled down.
Job counts:
	count	jobs
	1	all
	1	gwas_kinship
	2

[Mon Sep 23 12:16:15 2019]
rule gwas_kinship:
    input: steps/bracco_imputed.raw, steps/bracco_imputed.map, data/bracco_phenotypes.txt, software/gwas.R
    output: bracco_imputed.raw_speed_GWAS.results
    jobid: 1
    wildcards: dataset=bracco

[Mon Sep 23 12:16:34 2019]
Finished job 1.
1 of 2 steps (50%) done

[Mon Sep 23 12:16:34 2019]
localrule all:
    input: bracco_imputed.raw_speed_GWAS.results
    jobid: 0

[Mon Sep 23 12:16:34 2019]
Finished job 0.
2 of 2 steps (100%) done
Complete log: /home/filippo/Dropbox/cursos/laval2019/introduction_to_gwas/6.pipeline/.snakemake/log/2019-09-23T121614.992382.snakemake.log
