Building DAG of jobs...
Using shell: /bin/bash
Provided cores: 1
Rules claiming more threads will be scaled down.
Job counts:
	count	jobs
	1	all
	1	filter_genotypes
	1	gwas_kinship
	1	impute_genotypes
	1	ped2vcf
	1	plink_recodeA
	1	vcf2ped
	7

[Mon Sep 23 10:07:29 2019]
rule filter_genotypes:
    input: data/bracco.ped, data/bracco.map
    output: steps/bracco_filtered.map, steps/bracco_filtered.ped
    jobid: 6
    wildcards: dataset=bracco

[Mon Sep 23 10:07:29 2019]
Finished job 6.
1 of 7 steps (14%) done

[Mon Sep 23 10:07:29 2019]
rule ped2vcf:
    input: steps/bracco_filtered.ped, steps/bracco_filtered.map
    output: steps/bracco_filtered.vcf
    jobid: 5
    wildcards: dataset=bracco

[Mon Sep 23 10:07:30 2019]
Finished job 5.
2 of 7 steps (29%) done

[Mon Sep 23 10:07:30 2019]
rule impute_genotypes:
    input: steps/bracco_filtered.vcf
    output: steps/bracco_imputed.vcf.gz
    jobid: 4
    wildcards: dataset=bracco

[Mon Sep 23 10:10:22 2019]
Finished job 4.
3 of 7 steps (43%) done

[Mon Sep 23 10:10:22 2019]
rule vcf2ped:
    input: steps/bracco_imputed.vcf.gz
    output: steps/bracco_imputed.ped, steps/bracco_imputed.map
    jobid: 3
    wildcards: dataset=bracco

[Mon Sep 23 10:10:22 2019]
Finished job 3.
4 of 7 steps (57%) done

[Mon Sep 23 10:10:22 2019]
rule plink_recodeA:
    input: steps/bracco_imputed.ped, steps/bracco_imputed.map
    output: steps/bracco_imputed.raw
    jobid: 2
    wildcards: dataset=bracco

[Mon Sep 23 10:10:22 2019]
Finished job 2.
5 of 7 steps (71%) done

[Mon Sep 23 10:10:22 2019]
rule gwas_kinship:
    input: data/bracco_phenotypes.txt, software/gwas.R, steps/bracco_imputed.raw, steps/bracco_imputed.map
    output: bracco_imputed.raw_speed_GWAS.results
    jobid: 1
    wildcards: dataset=bracco

Waiting at most 5 seconds for missing files.
MissingOutputException in line 54 of /home/filippo/Dropbox/cursos/laval2019/introduction_to_gwas/6.pipeline/Snakefile_GWAS_bracco:
Missing files after 5 seconds:
bracco_imputed.raw_speed_GWAS.results
This might be due to filesystem latency. If that is the case, consider to increase the wait time with --latency-wait.
Shutting down, this might take some time.
Exiting because a job execution failed. Look above for error message
Complete log: /home/filippo/Dropbox/cursos/laval2019/introduction_to_gwas/6.pipeline/.snakemake/log/2019-09-23T100729.143130.snakemake.log
