Building DAG of jobs...
Using shell: /bin/bash
Provided cores: 1
Rules claiming more threads will be scaled down.
Job counts:
	count	jobs
	1	all
	1	filter_genotypes
	1	gwas_kinship
	1	impute_genotypes
	1	ped2vcf
	1	plink_recodeA
	1	vcf2ped
	7

[Fri Sep 13 15:27:22 2019]
rule filter_genotypes:
    input: data/parus.ped, data/parus.map
    output: steps/parus_filtered.ped, steps/parus_filtered.map
    jobid: 6

[Fri Sep 13 15:27:23 2019]
Finished job 6.
1 of 7 steps (14%) done

[Fri Sep 13 15:27:23 2019]
rule ped2vcf:
    input: steps/parus_filtered.ped, steps/parus_filtered.map
    output: steps/parus_filtered.vcf
    jobid: 5

[Fri Sep 13 15:27:23 2019]
Finished job 5.
2 of 7 steps (29%) done

[Fri Sep 13 15:27:23 2019]
rule impute_genotypes:
    input: steps/parus_filtered.vcf
    output: steps/parus_imputed.vcf.gz
    jobid: 4

[Fri Sep 13 15:45:17 2019]
Finished job 4.
3 of 7 steps (43%) done

[Fri Sep 13 15:45:17 2019]
rule vcf2ped:
    input: steps/parus_imputed.vcf.gz
    output: steps/parus_imputed.ped, steps/parus_imputed.map
    jobid: 2

[Fri Sep 13 15:45:17 2019]
Finished job 2.
4 of 7 steps (57%) done

[Fri Sep 13 15:45:17 2019]
rule plink_recodeA:
    input: steps/parus_imputed.ped, steps/parus_imputed.map
    output: steps/parus_imputed.raw
    jobid: 3

[Fri Sep 13 15:45:17 2019]
Finished job 3.
5 of 7 steps (71%) done

[Fri Sep 13 15:45:17 2019]
rule gwas_kinship:
    input: software/gwas.R, steps/parus_imputed.raw, data/parus_phenotypes.txt, steps/parus_imputed.map
    output: parus_imputed.raw_clutch_GWAS.results
    jobid: 1

[Fri Sep 13 15:47:56 2019]
Finished job 1.
6 of 7 steps (86%) done

[Fri Sep 13 15:47:56 2019]
localrule all:
    input: parus_imputed.raw_clutch_GWAS.results
    jobid: 0

[Fri Sep 13 15:47:56 2019]
Finished job 0.
7 of 7 steps (100%) done
Complete log: /home/filippo/Dropbox/cursos/laval2019/introduction_to_gwas/6.pipeline/.snakemake/log/2019-09-13T152722.845179.snakemake.log
