Building DAG of jobs...
Job counts:
	count	jobs
	1	all
	1	filter_genotypes
	1	gwas_kinship
	1	impute_genotypes
	1	ped2vcf
	1	plink_recodeA
	1	vcf2ped
	7

[Fri Sep 20 14:44:53 2019]
rule filter_genotypes:
    input: data/bracco.map, data/bracco.ped
    output: steps/bracco_filtered.ped, steps/bracco_filtered.map
    jobid: 6
    wildcards: dataset=bracco

[Fri Sep 20 14:44:53 2019]
rule ped2vcf:
    input: steps/bracco_filtered.ped, steps/bracco_filtered.map
    output: steps/bracco_filtered.vcf
    jobid: 5
    wildcards: dataset=bracco

RuleException in line 18 of /home/filippo/Dropbox/cursos/laval2019/introduction_to_gwas/6.pipeline/Snakefile_GWAS_bracco:
NameError: The name 'plink' is unknown in this context. Please make sure that you defined that variable. Also note that braces not used for variable access have to be escaped by repeating them, i.e. {{print $1}}
