Building DAG of jobs...
Using shell: /bin/bash
Provided cores: 1
Rules claiming more threads will be scaled down.
Job counts:
	count	jobs
	1	all
	1	filter_genotypes
	1	gwas_kinship
	1	impute_genotypes
	1	ped2vcf
	1	plink_recodeA
	1	vcf2ped
	7

[Tue Sep 17 14:31:28 2019]
rule filter_genotypes:
    input: data/dogs.ped, data/dogs.map
    output: steps/dogs_filtered.ped, steps/dogs_filtered.map
    jobid: 6

Shutting down, this might take some time.
Exiting because a job execution failed. Look above for error message
Complete log: /home/filippo/Dropbox/cursos/laval2019/introduction_to_gwas/6.pipeline/.snakemake/log/2019-09-17T143128.647553.snakemake.log
