Building DAG of jobs...
Using shell: /bin/bash
Provided cores: 1
Rules claiming more threads will be scaled down.
Job counts:
	count	jobs
	1	all
	1	filter_genotypes
	1	gwas_kinship
	1	impute_genotypes
	1	ped2vcf
	1	plink_recodeA
	1	vcf2ped
	7

[Tue Sep 17 14:31:48 2019]
rule filter_genotypes:
    input: data/parus.ped, data/parus.map
    output: steps/parus_filtered.ped, steps/parus_filtered.map
    jobid: 7

[Tue Sep 17 14:31:48 2019]
Finished job 7.
1 of 7 steps (14%) done

[Tue Sep 17 14:31:48 2019]
rule ped2vcf:
    input: steps/parus_filtered.ped, steps/parus_filtered.map
    output: steps/parus_filtered.vcf
    jobid: 6

[Tue Sep 17 14:31:48 2019]
Finished job 6.
2 of 7 steps (29%) done

[Tue Sep 17 14:31:48 2019]
rule impute_genotypes:
    input: steps/parus_filtered.vcf
    output: steps/parus_imputed.vcf.gz
    jobid: 5

[Tue Sep 17 14:49:57 2019]
Finished job 5.
3 of 7 steps (43%) done

[Tue Sep 17 14:49:57 2019]
rule vcf2ped:
    input: steps/parus_imputed.vcf.gz
    output: steps/parus_imputed.ped, steps/parus_imputed.map
    jobid: 3

[Tue Sep 17 14:49:57 2019]
Finished job 3.
4 of 7 steps (57%) done

[Tue Sep 17 14:49:57 2019]
rule plink_recodeA:
    input: steps/parus_imputed.ped, steps/parus_imputed.map
    output: steps/parus_imputed.raw
    jobid: 2

[Tue Sep 17 14:49:57 2019]
Finished job 2.
5 of 7 steps (71%) done

[Tue Sep 17 14:49:57 2019]
rule gwas_kinship:
    input: steps/parus_imputed.map, software/gwas.R, steps/parus_imputed.raw, data/parus_phenotypes.txt
    output: parus_imputed.raw_clutch_GWAS.results
    jobid: 1

[Tue Sep 17 14:52:35 2019]
Finished job 1.
6 of 7 steps (86%) done

[Tue Sep 17 14:52:35 2019]
localrule all:
    input: parus_imputed.raw_clutch_GWAS.results
    jobid: 0

[Tue Sep 17 14:52:35 2019]
Finished job 0.
7 of 7 steps (100%) done
Complete log: /home/filippo/Dropbox/cursos/laval2019/introduction_to_gwas/6.pipeline/.snakemake/log/2019-09-17T143148.234079.snakemake.log
