Building DAG of jobs...
Using shell: /bin/bash
Provided cores: 1
Rules claiming more threads will be scaled down.
Job counts:
	count	jobs
	1	all
	1	filter_genotypes
	1	gwas_kinship
	1	impute_genotypes
	1	ped2vcf
	1	plink_recodeA
	1	vcf2ped
	7

[Fri Sep 20 19:46:20 2019]
rule filter_genotypes:
    input: data/bracco.map, data/bracco.ped
    output: steps/bracco_filtered.ped, steps/bracco_filtered.map
    jobid: 6
    wildcards: dataset=bracco

[Fri Sep 20 19:46:21 2019]
Finished job 6.
1 of 7 steps (14%) done

[Fri Sep 20 19:46:21 2019]
rule ped2vcf:
    input: steps/bracco_filtered.ped, steps/bracco_filtered.map
    output: steps/bracco_filtered.vcf
    jobid: 5
    wildcards: dataset=bracco

[Fri Sep 20 19:46:21 2019]
Finished job 5.
2 of 7 steps (29%) done

[Fri Sep 20 19:46:21 2019]
rule impute_genotypes:
    input: steps/bracco_filtered.vcf
    output: steps/bracco_imputed.vcf.gz
    jobid: 4
    wildcards: dataset=bracco

Terminating processes on user request, this might take some time.
[Fri Sep 20 19:46:46 2019]
Error in rule impute_genotypes:
    jobid: 4
    output: steps/bracco_imputed.vcf.gz
    shell:
        java -Xss5m -Xmx4g -jar /home/filippo/Documents/beagle4.1/beagle4.jar gt=steps/bracco_filtered.vcf out=steps/bracco_imputed
        (exited with non-zero exit code)

Removing output files of failed job impute_genotypes since they might be corrupted:
steps/bracco_imputed.vcf.gz
Complete log: /home/filippo/Dropbox/cursos/laval2019/introduction_to_gwas/6.pipeline/.snakemake/log/2019-09-20T194620.534797.snakemake.log
